Starting auto_commit script...
Adding changes...
Committing changes...
[main 498fe9e] Auto commit on Thu Oct  9 00:42:09 UTC 2025
 2 files changed, 2 insertions(+)
 mode change 100644 => 100755 .devcontainer/auto_commit.sh
 create mode 100644 auto_commit.log
Sleeping for 3 minutes...

Adding changes...
Committing changes...
[main 27bbbbc] Auto commit on Thu Oct  9 00:45:09 UTC 2025
 1 file changed, 8 insertions(+)
Sleeping for 3 minutes...

Adding changes...
Committing changes...
[main 7289835] Auto commit on Thu Oct  9 00:48:09 UTC 2025
 1 file changed, 6 insertions(+)
Sleeping for 3 minutes...

Adding changes...
Committing changes...
[main 3adfdc9] Auto commit on Thu Oct  9 00:51:09 UTC 2025
 1 file changed, 6 insertions(+)
Sleeping for 3 minutes...

Adding changes...
Committing changes...
[main 9afb247] Auto commit on Thu Oct  9 00:54:09 UTC 2025
 4 files changed, 12 insertions(+), 6 deletions(-)
Sleeping for 3 minutes...

Adding changes...
